c:\users\mrzxd\desktop\project1\project1\debug\vc141.pdb
c:\users\mrzxd\desktop\project1\project1\debug\vc141.idb
c:\users\mrzxd\desktop\project1\project1\debug\main.obj
c:\users\mrzxd\desktop\project1\project1\debug\rbtree.obj
c:\users\mrzxd\desktop\project1\project1\debug\两两元组.obj
c:\users\mrzxd\desktop\project1\project1\debug\机器.obj
c:\users\mrzxd\desktop\project1\project1\debug\滑板染色次数.obj
c:\users\mrzxd\desktop\project1\project1\debug\字节.obj
c:\users\mrzxd\desktop\project1\project1\debug\源.obj
c:\users\mrzxd\desktop\project1\project1\debug\hw01.obj
c:\users\mrzxd\desktop\project1\project1\debug\hw3.obj
c:\users\mrzxd\desktop\project1\project1\debug\merge.obj
c:\users\mrzxd\desktop\project1\debug\project1.ilk
c:\users\mrzxd\desktop\project1\debug\project1.exe
c:\users\mrzxd\desktop\project1\debug\project1.pdb
c:\users\mrzxd\desktop\project1\project1\debug\project1.tlog\cl.command.1.tlog
c:\users\mrzxd\desktop\project1\project1\debug\project1.tlog\cl.read.1.tlog
c:\users\mrzxd\desktop\project1\project1\debug\project1.tlog\cl.write.1.tlog
c:\users\mrzxd\desktop\project1\project1\debug\project1.tlog\link.command.1.tlog
c:\users\mrzxd\desktop\project1\project1\debug\project1.tlog\link.read.1.tlog
c:\users\mrzxd\desktop\project1\project1\debug\project1.tlog\link.write.1.tlog
